<?xml version="1.0" encoding="UTF-8"?>
<testng-results skipped="0" failed="0" ignored="0" total="4" passed="4">
  <reporter-output>
  </reporter-output>
  <suite name="Suite" duration-ms="64965" started-at="2021-03-21T04:05:38Z" finished-at="2021-03-21T04:06:43Z">
    <groups>
      <group name="cucumber">
        <method signature="AbstractTestNGCucumberTests.runScenario(io.cucumber.testng.PickleEventWrapper, io.cucumber.testng.CucumberFeatureWrapper)[pri:0, instance:runner.TestRunner@14bf9759]" name="runScenario" class="io.cucumber.testng.AbstractTestNGCucumberTests"/>
      </group> <!-- cucumber -->
    </groups>
    <test name="Test" duration-ms="64965" started-at="2021-03-21T04:05:38Z" finished-at="2021-03-21T04:06:43Z">
      <class name="runner.TestRunner">
        <test-method status="PASS" signature="setUpClass()[pri:0, instance:runner.TestRunner@14bf9759]" name="setUpClass" is-config="true" duration-ms="201" started-at="2021-03-21T04:05:38Z" finished-at="2021-03-21T04:05:38Z">
          <reporter-output>
          </reporter-output>
        </test-method> <!-- setUpClass -->
        <test-method status="PASS" signature="runScenario(io.cucumber.testng.PickleEventWrapper, io.cucumber.testng.CucumberFeatureWrapper)[pri:0, instance:runner.TestRunner@14bf9759]" name="runScenario" duration-ms="53833" started-at="2021-03-21T04:05:38Z" description="Runs Cucumber Scenarios" data-provider="scenarios" finished-at="2021-03-21T04:06:32Z">
          <params>
            <param index="0">
              <value>
                <![CDATA["To validate the login functionality with credientials"]]>
              </value>
            </param>
            <param index="1">
              <value>
                <![CDATA["To validate the facebook application"]]>
              </value>
            </param>
          </params>
          <reporter-output>
          </reporter-output>
        </test-method> <!-- runScenario -->
        <test-method status="PASS" signature="runScenario(io.cucumber.testng.PickleEventWrapper, io.cucumber.testng.CucumberFeatureWrapper)[pri:0, instance:runner.TestRunner@14bf9759]" name="runScenario" duration-ms="53833" started-at="2021-03-21T04:05:38Z" description="Runs Cucumber Scenarios" data-provider="scenarios" finished-at="2021-03-21T04:06:32Z">
          <params>
            <param index="0">
              <value>
                <![CDATA["To validate the login functionality with credientials"]]>
              </value>
            </param>
            <param index="1">
              <value>
                <![CDATA["To validate the facebook application"]]>
              </value>
            </param>
          </params>
          <reporter-output>
          </reporter-output>
        </test-method> <!-- runScenario -->
        <test-method status="PASS" signature="runScenario(io.cucumber.testng.PickleEventWrapper, io.cucumber.testng.CucumberFeatureWrapper)[pri:0, instance:runner.TestRunner@14bf9759]" name="runScenario" duration-ms="64564" started-at="2021-03-21T04:05:38Z" description="Runs Cucumber Scenarios" data-provider="scenarios" finished-at="2021-03-21T04:06:43Z">
          <params>
            <param index="0">
              <value>
                <![CDATA["To validate the registration Functionality"]]>
              </value>
            </param>
            <param index="1">
              <value>
                <![CDATA["To validate the facebook application"]]>
              </value>
            </param>
          </params>
          <reporter-output>
          </reporter-output>
        </test-method> <!-- runScenario -->
        <test-method status="PASS" signature="runScenario(io.cucumber.testng.PickleEventWrapper, io.cucumber.testng.CucumberFeatureWrapper)[pri:0, instance:runner.TestRunner@14bf9759]" name="runScenario" duration-ms="53833" started-at="2021-03-21T04:05:38Z" description="Runs Cucumber Scenarios" data-provider="scenarios" finished-at="2021-03-21T04:06:32Z">
          <params>
            <param index="0">
              <value>
                <![CDATA["To validate the login functionality with credientials"]]>
              </value>
            </param>
            <param index="1">
              <value>
                <![CDATA["To validate the facebook application"]]>
              </value>
            </param>
          </params>
          <reporter-output>
          </reporter-output>
        </test-method> <!-- runScenario -->
        <test-method status="PASS" signature="tearDownClass()[pri:0, instance:runner.TestRunner@14bf9759]" name="tearDownClass" is-config="true" duration-ms="0" started-at="2021-03-21T04:06:43Z" finished-at="2021-03-21T04:06:43Z">
          <reporter-output>
          </reporter-output>
        </test-method> <!-- tearDownClass -->
      </class> <!-- runner.TestRunner -->
    </test> <!-- Test -->
  </suite> <!-- Suite -->
</testng-results>
